\BOOKMARK [0][-]{chapter*.8}{\376\377\000I\000n\000t\000r\000o\000d\000u\000c\000t\000i\000o\000n}{}% 1
\BOOKMARK [1][-]{section.0.1}{\376\377\000F\000o\000o\000d\000\040\000p\000r\000o\000b\000l\000e\000m\000s\000\040\000a\000n\000d\000\040\000t\000h\000e\000i\000r\000\040\000i\000m\000p\000a\000c\000t\000\040\000o\000n\000\040\000c\000h\000i\000l\000d\000h\000o\000o\000d\000\040}{chapter*.8}% 2
\BOOKMARK [1][-]{section.0.2}{\376\377\000V\000i\000r\000t\000u\000a\000l\000\040\000R\000e\000a\000l\000i\000t\000y}{chapter*.8}% 3
\BOOKMARK [1][-]{section.0.3}{\376\377\000T\000o\000u\000c\000h\000s\000c\000r\000e\000e\000n}{chapter*.8}% 4
\BOOKMARK [1][-]{section.0.4}{\376\377\000N\000e\000u\000r\000o\000d\000e\000v\000e\000l\000o\000p\000m\000e\000n\000t\000a\000l\000\040\000D\000i\000s\000o\000r\000d\000e\000r}{chapter*.8}% 5
\BOOKMARK [1][-]{section.0.5}{\376\377\000P\000a\000r\000t\000i\000c\000i\000p\000a\000t\000o\000r\000y\000\040\000D\000e\000s\000i\000g\000n\000\040\000a\000n\000d\000\040\000T\000h\000e\000r\000a\000p\000y}{chapter*.8}% 6
\BOOKMARK [1][-]{section.0.6}{\376\377\000G\000E\000A\000\040\000a\000n\000d\000\040\000i\000t\000s\000\040\000C\000o\000d\000e\000s\000i\000g\000n\000\040\000p\000r\000o\000c\000e\000s\000s}{chapter*.8}% 7
\BOOKMARK [1][-]{section.0.7}{\376\377\000G\000E\000A}{chapter*.8}% 8
\BOOKMARK [2][-]{subsection.0.7.1}{\376\377\000T\000h\000e\000s\000i\000\040\000S\000t\000r\000u\000c\000t\000u\000r\000e}{section.0.7}% 9
\BOOKMARK [2][-]{subsection.0.7.2}{\376\377\000O\000r\000i\000g\000i\000n\000\040\000o\000f\000\040\000t\000h\000e\000\040\000n\000a\000m\000e\000\040\000a\000n\000d\000\040\000m\000a\000s\000c\000o\000t\000t\000e}{section.0.7}% 10
\BOOKMARK [0][-]{chapter.1}{\376\377\000S\000t\000a\000t\000e\000\040\000o\000f\000\040\000t\000h\000e\000\040\000a\000r\000t}{}% 11
\BOOKMARK [1][-]{section.1.1}{\376\377\000M\000o\000d\000e\000r\000n\000\040\000t\000e\000c\000h\000n\000o\000l\000o\000g\000i\000e\000s\000\040\000f\000o\000r\000\040\000N\000D\000D\000\040\000p\000e\000o\000p\000l\000e}{chapter.1}% 12
\BOOKMARK [1][-]{section.1.2}{\376\377\000V\000i\000r\000t\000u\000a\000l\000\040\000R\000e\000a\000l\000i\000t\000y}{chapter.1}% 13
\BOOKMARK [1][-]{section.1.3}{\376\377\000T\000o\000u\000c\000h\000s\000c\000r\000e\000e\000n}{chapter.1}% 14
\BOOKMARK [1][-]{section.1.4}{\376\377\000G\000o\000o\000g\000l\000e\000\040\000C\000h\000r\000o\000m\000e\000c\000a\000s\000t}{chapter.1}% 15
\BOOKMARK [1][-]{section.1.5}{\376\377\000P\000r\000o\000j\000e\000c\000t\000s\000\040\000a\000b\000o\000u\000t\000\040\000f\000o\000o\000d\000\040\000e\000d\000u\000c\000a\000t\000i\000o\000n}{chapter.1}% 16
\BOOKMARK [1][-]{section.1.6}{\376\377\000P\000r\000o\000j\000e\000c\000t\000s\000\040\000a\000b\000o\000u\000t\000\040\000f\000o\000o\000d\000\040\000a\000l\000l\000e\000r\000g\000i\000e\000s\000\040\000e\000d\000u\000c\000a\000t\000i\000o\000n}{chapter.1}% 17
\BOOKMARK [1][-]{section.1.7}{\376\377\000P\000a\000r\000t\000i\000c\000i\000p\000a\000t\000o\000r\000y\000\040\000D\000e\000s\000i\000g\000n}{chapter.1}% 18
\BOOKMARK [2][-]{subsection.1.7.1}{\376\377\000W\000h\000a\000t\000\040\000i\000s\000\040\000P\000a\000r\000t\000i\000c\000i\000p\000a\000t\000o\000r\000y\000\040\000D\000e\000s\000i\000g\000n\000?}{section.1.7}% 19
\BOOKMARK [2][-]{subsection.1.7.2}{\376\377\000P\000a\000r\000t\000i\000c\000i\000p\000a\000t\000o\000r\000y\000\040\000D\000e\000s\000i\000g\000n\000\040\000w\000i\000t\000h\000\040\000c\000h\000i\000l\000d\000r\000e\000n}{section.1.7}% 20
\BOOKMARK [2][-]{subsection.1.7.3}{\376\377\000P\000a\000r\000t\000i\000c\000i\000p\000a\000t\000o\000r\000y\000\040\000D\000e\000s\000i\000g\000n\000\040\000a\000n\000d\000\040\000p\000e\000o\000p\000l\000e\000\040\000w\000i\000t\000h\000\040\000d\000i\000s\000a\000b\000i\000l\000i\000t\000i\000e\000s}{section.1.7}% 21
\BOOKMARK [0][-]{chapter.2}{\376\377\000G\000E\000A\000:\000\040\000f\000i\000r\000s\000t\000\040\000p\000r\000o\000t\000o\000t\000y\000p\000e}{}% 22
\BOOKMARK [1][-]{section.2.1}{\376\377\000R\000e\000q\000u\000i\000r\000e\000m\000e\000n\000t\000s\000\040\000e\000l\000i\000c\000i\000t\000a\000t\000i\000o\000n}{chapter.2}% 23
\BOOKMARK [2][-]{subsection.2.1.1}{\376\377\000F\000r\000a\000t\000e\000r\000n\000i\000t\000\341\000\040\000\046\000\040\000A\000m\000i\000c\000i\000z\000i\000a\000\040\000O\000n\000l\000u\000s}{section.2.1}% 24
\BOOKMARK [2][-]{subsection.2.1.2}{\376\377\000M\000a\000i\000n\000\040\000t\000a\000r\000g\000e\000t\000\040\000g\000r\000o\000u\000p\000s}{section.2.1}% 25
\BOOKMARK [2][-]{subsection.2.1.3}{\376\377\000C\000o\000n\000t\000e\000x\000t\000\040\000a\000n\000d\000\040\000n\000e\000e\000d\000\040\000a\000d\000d\000r\000e\000s\000s\000e\000d}{section.2.1}% 26
\BOOKMARK [2][-]{subsection.2.1.4}{\376\377\000C\000o\000n\000s\000t\000r\000a\000i\000n\000t\000s}{section.2.1}% 27
\BOOKMARK [2][-]{subsection.2.1.5}{\376\377\000G\000o\000a\000l\000s}{section.2.1}% 28
\BOOKMARK [2][-]{subsection.2.1.6}{\376\377\000R\000e\000q\000u\000i\000r\000e\000m\000e\000n\000t\000s}{section.2.1}% 29
\BOOKMARK [1][-]{section.2.2}{\376\377\000U\000X\000\040\000D\000e\000s\000i\000g\000n}{chapter.2}% 30
\BOOKMARK [2][-]{subsection.2.2.1}{\376\377\000H\000o\000m\000e\000\040\000p\000a\000g\000e}{section.2.2}% 31
\BOOKMARK [2][-]{subsection.2.2.2}{\376\377\000"\000L\000e\000a\000r\000n\000\040\000w\000i\000t\000h\000\040\000t\000h\000e\000\040\000p\000y\000r\000a\000m\000i\000d\000!\000"\000\040\000p\000a\000g\000e}{section.2.2}% 32
\BOOKMARK [2][-]{subsection.2.2.3}{\376\377\000"\000H\000e\000a\000l\000t\000h\000y\000\040\000o\000r\000\040\000n\000o\000t\000?\000"\000\040\000p\000a\000g\000e}{section.2.2}% 33
\BOOKMARK [2][-]{subsection.2.2.4}{\376\377\000"\000L\000e\000t\000'\000s\000\040\000e\000a\000t\000!\000"\000\040\000p\000a\000g\000e}{section.2.2}% 34
\BOOKMARK [1][-]{section.2.3}{\376\377\000I\000m\000p\000l\000e\000m\000e\000n\000t\000a\000t\000i\000o\000n\000\040\000O\000v\000e\000r\000v\000i\000e\000w}{chapter.2}% 35
\BOOKMARK [0][-]{chapter.3}{\376\377\000P\000a\000r\000t\000i\000c\000i\000p\000a\000t\000o\000r\000y\000\040\000D\000e\000s\000i\000g\000n\000\040\000P\000r\000o\000c\000e\000s\000s}{}% 36
\BOOKMARK [1][-]{section.3.1}{\376\377\000G\000o\000a\000l}{chapter.3}% 37
\BOOKMARK [1][-]{section.3.2}{\376\377\000P\000a\000r\000t\000i\000c\000i\000p\000a\000n\000t\000s}{chapter.3}% 38
\BOOKMARK [1][-]{section.3.3}{\376\377\000R\000e\000q\000u\000i\000r\000e\000m\000e\000n\000t\000s}{chapter.3}% 39
\BOOKMARK [2][-]{subsection.3.3.1}{\376\377\000M\000a\000t\000e\000r\000i\000a\000l\000s}{section.3.3}% 40
\BOOKMARK [1][-]{section.3.4}{\376\377\000P\000a\000r\000t\000i\000c\000i\000p\000a\000t\000o\000r\000y\000\040\000D\000e\000s\000i\000g\000n\000\040\000O\000v\000e\000r\000v\000i\000e\000w}{chapter.3}% 41
\BOOKMARK [2][-]{subsection.3.4.1}{\376\377\000G\000e\000n\000e\000r\000a\000l\000\040\000a\000s\000p\000e\000c\000t\000s}{section.3.4}% 42
\BOOKMARK [2][-]{subsection.3.4.2}{\376\377\000S\000e\000s\000s\000i\000o\000n\000\040\000s\000t\000r\000u\000c\000t\000u\000r\000e\000\040\000o\000v\000e\000r\000v\000i\000e\000w}{section.3.4}% 43
\BOOKMARK [0][-]{chapter.4}{\376\377\000S\000t\000e\000p\000\040\000b\000y\000\040\000s\000t\000e\000p\000\040\000p\000r\000o\000c\000e\000s\000s}{}% 44
\BOOKMARK [1][-]{section.4.1}{\376\377\000F\000i\000r\000s\000t\000\040\000s\000e\000s\000s\000i\000o\000n}{chapter.4}% 45
\BOOKMARK [1][-]{section.4.2}{\376\377\000S\000e\000c\000o\000n\000d\000\040\000p\000r\000o\000t\000o\000t\000y\000p\000e}{chapter.4}% 46
\BOOKMARK [1][-]{section.4.3}{\376\377\000S\000e\000c\000o\000n\000d\000\040\000s\000e\000s\000s\000i\000o\000n}{chapter.4}% 47
\BOOKMARK [0][-]{chapter.5}{\376\377\000F\000i\000n\000a\000l\000\040\000p\000r\000o\000t\000o\000t\000y\000p\000e}{}% 48
\BOOKMARK [0][-]{chapter.6}{\376\377\000C\000o\000d\000e\000s\000i\000g\000n\000\040\000P\000r\000o\000c\000e\000s\000s\000\040\000E\000v\000a\000l\000u\000a\000t\000i\000o\000n}{}% 49
\BOOKMARK [1][-]{section.6.1}{\376\377\000E\000v\000a\000l\000u\000a\000t\000i\000o\000n\000\040\000m\000e\000t\000h\000o\000d}{chapter.6}% 50
\BOOKMARK [1][-]{section.6.2}{\376\377\000E\000v\000a\000l\000u\000a\000t\000i\000o\000n\000\040\000r\000e\000s\000u\000l\000t\000s}{chapter.6}% 51
\BOOKMARK [0][-]{chapter.7}{\376\377\000C\000h\000a\000l\000l\000e\000n\000g\000e\000s}{}% 52
\BOOKMARK [0][-]{chapter.8}{\376\377\000I\000m\000p\000l\000e\000m\000e\000n\000t\000a\000t\000i\000o\000n}{}% 53
\BOOKMARK [1][-]{section.8.1}{\376\377\000T\000o\000o\000l\000s}{chapter.8}% 54
\BOOKMARK [1][-]{section.8.2}{\376\377\000H\000a\000r\000d\000w\000a\000r\000e\000\040\000A\000r\000c\000h\000i\000t\000e\000c\000t\000u\000r\000e}{chapter.8}% 55
\BOOKMARK [1][-]{section.8.3}{\376\377\000S\000o\000f\000t\000w\000a\000r\000e\000\040\000A\000r\000c\000h\000i\000t\000e\000c\000t\000u\000r\000e}{chapter.8}% 56
\BOOKMARK [0][-]{chapter.9}{\376\377\000C\000o\000n\000c\000l\000u\000s\000i\000o\000n}{}% 57
\BOOKMARK [0][-]{chapter*.37}{\376\377\000B\000i\000b\000l\000i\000o\000g\000r\000a\000p\000h\000y}{}% 58
\BOOKMARK [0][-]{appendix.A}{\376\377\000F\000i\000r\000s\000t\000\040\000a\000p\000p\000e\000n\000d\000i\000x\000\040\000-\000\040\000U\000s\000e\000r\000\040\000m\000a\000n\000u\000a\000l}{}% 59
\BOOKMARK [0][-]{appendix.B}{\376\377\000S\000e\000c\000o\000n\000d\000\040\000a\000p\000p\000e\000n\000d\000i\000x\000\040\000-\000\040\000Q\000u\000e\000s\000t\000i\000o\000n\000a\000r}{}% 60
