\BOOKMARK [0][-]{chapter.1}{\376\377\000I\000n\000t\000r\000o\000d\000u\000c\000t\000i\000o\000n}{}% 1
\BOOKMARK [1][-]{section.1.1}{\376\377\000F\000o\000o\000d\000\040\000p\000r\000o\000b\000l\000e\000m\000s\000\040\000a\000n\000d\000\040\000t\000h\000e\000i\000r\000\040\000i\000m\000p\000a\000c\000t\000\040\000o\000n\000\040\000c\000h\000i\000l\000d\000h\000o\000o\000d\000\040}{chapter.1}% 2
\BOOKMARK [1][-]{section.1.2}{\376\377\000V\000i\000r\000t\000u\000a\000l\000\040\000R\000e\000a\000l\000i\000t\000y}{chapter.1}% 3
\BOOKMARK [1][-]{section.1.3}{\376\377\000T\000o\000u\000c\000h\000\040\000s\000c\000r\000e\000e\000n}{chapter.1}% 4
\BOOKMARK [1][-]{section.1.4}{\376\377\000N\000e\000u\000r\000o\000d\000e\000v\000e\000l\000o\000p\000m\000e\000n\000t\000a\000l\000\040\000D\000i\000s\000o\000r\000d\000e\000r}{chapter.1}% 5
\BOOKMARK [1][-]{section.1.5}{\376\377\000P\000a\000r\000t\000i\000c\000i\000p\000a\000t\000o\000r\000y\000\040\000D\000e\000s\000i\000g\000n\000\040\000a\000n\000d\000\040\000T\000h\000e\000r\000a\000p\000y}{chapter.1}% 6
\BOOKMARK [1][-]{section.1.6}{\376\377\000G\000E\000A\000\040\000a\000n\000d\000\040\000i\000t\000s\000\040\000C\000o\000d\000e\000s\000i\000g\000n\000\040\000p\000r\000o\000c\000e\000s\000s}{chapter.1}% 7
\BOOKMARK [1][-]{section.1.7}{\376\377\000G\000E\000A}{chapter.1}% 8
\BOOKMARK [2][-]{subsection.1.7.1}{\376\377\000T\000h\000e\000s\000i\000s\000\040\000S\000t\000r\000u\000c\000t\000u\000r\000e}{section.1.7}% 9
\BOOKMARK [2][-]{subsection.1.7.2}{\376\377\000O\000r\000i\000g\000i\000n\000\040\000o\000f\000\040\000t\000h\000e\000\040\000n\000a\000m\000e\000\040\000a\000n\000d\000\040\000m\000a\000s\000c\000o\000t\000t\000e}{section.1.7}% 10
\BOOKMARK [0][-]{chapter.2}{\376\377\000S\000t\000a\000t\000e\000\040\000o\000f\000\040\000t\000h\000e\000\040\000a\000r\000t}{}% 11
\BOOKMARK [1][-]{section.2.1}{\376\377\000M\000o\000d\000e\000r\000n\000\040\000t\000e\000c\000h\000n\000o\000l\000o\000g\000i\000e\000s\000\040\000f\000o\000r\000\040\000N\000D\000D\000\040\000p\000e\000o\000p\000l\000e}{chapter.2}% 12
\BOOKMARK [1][-]{section.2.2}{\376\377\000V\000i\000r\000t\000u\000a\000l\000\040\000R\000e\000a\000l\000i\000t\000y}{chapter.2}% 13
\BOOKMARK [1][-]{section.2.3}{\376\377\000T\000o\000u\000c\000h\000\040\000s\000c\000r\000e\000e\000n}{chapter.2}% 14
\BOOKMARK [1][-]{section.2.4}{\376\377\000P\000r\000o\000j\000e\000c\000t\000s\000\040\000a\000b\000o\000u\000t\000\040\000f\000o\000o\000d\000\040\000e\000d\000u\000c\000a\000t\000i\000o\000n}{chapter.2}% 15
\BOOKMARK [1][-]{section.2.5}{\376\377\000P\000r\000o\000j\000e\000c\000t\000s\000\040\000a\000b\000o\000u\000t\000\040\000f\000o\000o\000d\000\040\000a\000l\000l\000e\000r\000g\000i\000e\000s\000\040\000e\000d\000u\000c\000a\000t\000i\000o\000n}{chapter.2}% 16
\BOOKMARK [1][-]{section.2.6}{\376\377\000P\000a\000r\000t\000i\000c\000i\000p\000a\000t\000o\000r\000y\000\040\000D\000e\000s\000i\000g\000n}{chapter.2}% 17
\BOOKMARK [2][-]{subsection.2.6.1}{\376\377\000W\000h\000a\000t\000\040\000i\000s\000\040\000P\000a\000r\000t\000i\000c\000i\000p\000a\000t\000o\000r\000y\000\040\000D\000e\000s\000i\000g\000n\000?}{section.2.6}% 18
\BOOKMARK [2][-]{subsection.2.6.2}{\376\377\000P\000a\000r\000t\000i\000c\000i\000p\000a\000t\000o\000r\000y\000\040\000D\000e\000s\000i\000g\000n\000\040\000w\000i\000t\000h\000\040\000c\000h\000i\000l\000d\000r\000e\000n}{section.2.6}% 19
\BOOKMARK [2][-]{subsection.2.6.3}{\376\377\000P\000a\000r\000t\000i\000c\000i\000p\000a\000t\000o\000r\000y\000\040\000D\000e\000s\000i\000g\000n\000\040\000a\000n\000d\000\040\000p\000e\000o\000p\000l\000e\000\040\000w\000i\000t\000h\000\040\000d\000i\000s\000a\000b\000i\000l\000i\000t\000i\000e\000s}{section.2.6}% 20
\BOOKMARK [0][-]{chapter.3}{\376\377\000G\000E\000A\000:\000\040\000f\000i\000r\000s\000t\000\040\000p\000r\000o\000t\000o\000t\000y\000p\000e}{}% 21
\BOOKMARK [1][-]{section.3.1}{\376\377\000R\000e\000q\000u\000i\000r\000e\000m\000e\000n\000t\000s\000\040\000e\000l\000i\000c\000i\000t\000a\000t\000i\000o\000n}{chapter.3}% 22
\BOOKMARK [2][-]{subsection.3.1.1}{\376\377\000F\000r\000a\000t\000e\000r\000n\000i\000t\000\341\000\040\000\046\000\040\000A\000m\000i\000c\000i\000z\000i\000a\000\040\000O\000n\000l\000u\000s}{section.3.1}% 23
\BOOKMARK [2][-]{subsection.3.1.2}{\376\377\000M\000a\000i\000n\000\040\000t\000a\000r\000g\000e\000t\000\040\000g\000r\000o\000u\000p\000s}{section.3.1}% 24
\BOOKMARK [2][-]{subsection.3.1.3}{\376\377\000C\000o\000n\000t\000e\000x\000t\000\040\000a\000n\000d\000\040\000n\000e\000e\000d\000\040\000a\000d\000d\000r\000e\000s\000s\000e\000d}{section.3.1}% 25
\BOOKMARK [2][-]{subsection.3.1.4}{\376\377\000C\000o\000n\000s\000t\000r\000a\000i\000n\000t\000s}{section.3.1}% 26
\BOOKMARK [2][-]{subsection.3.1.5}{\376\377\000G\000o\000a\000l\000s}{section.3.1}% 27
\BOOKMARK [2][-]{subsection.3.1.6}{\376\377\000R\000e\000q\000u\000i\000r\000e\000m\000e\000n\000t\000s}{section.3.1}% 28
\BOOKMARK [1][-]{section.3.2}{\376\377\000U\000X\000\040\000D\000e\000s\000i\000g\000n}{chapter.3}% 29
\BOOKMARK [2][-]{subsection.3.2.1}{\376\377\000H\000o\000m\000e\000\040\000p\000a\000g\000e}{section.3.2}% 30
\BOOKMARK [2][-]{subsection.3.2.2}{\376\377\000"\000L\000e\000a\000r\000n\000\040\000w\000i\000t\000h\000\040\000t\000h\000e\000\040\000p\000y\000r\000a\000m\000i\000d\000!\000"}{section.3.2}% 31
\BOOKMARK [2][-]{subsection.3.2.3}{\376\377\000"\000H\000e\000a\000l\000t\000h\000y\000\040\000o\000r\000\040\000n\000o\000t\000?\000"}{section.3.2}% 32
\BOOKMARK [2][-]{subsection.3.2.4}{\376\377\000"\000L\000e\000t\000'\000s\000\040\000e\000a\000t\000!\000"}{section.3.2}% 33
\BOOKMARK [1][-]{section.3.3}{\376\377\000I\000m\000p\000l\000e\000m\000e\000n\000t\000a\000t\000i\000o\000n\000\040\000O\000v\000e\000r\000v\000i\000e\000w}{chapter.3}% 34
\BOOKMARK [0][-]{chapter.4}{\376\377\000F\000i\000r\000s\000t\000\040\000e\000v\000a\000l\000u\000a\000t\000i\000o\000n}{}% 35
\BOOKMARK [1][-]{section.4.1}{\376\377\000T\000h\000e\000r\000a\000p\000i\000s\000t\000s}{chapter.4}% 36
\BOOKMARK [2][-]{subsection.4.1.1}{\376\377\000O\000b\000j\000e\000c\000t\000i\000v\000e\000s}{section.4.1}% 37
\BOOKMARK [2][-]{subsection.4.1.2}{\376\377\000P\000a\000r\000t\000i\000c\000i\000p\000a\000n\000t\000s}{section.4.1}% 38
\BOOKMARK [2][-]{subsection.4.1.3}{\376\377\000T\000e\000s\000t\000\040\000s\000e\000t\000u\000p}{section.4.1}% 39
\BOOKMARK [2][-]{subsection.4.1.4}{\376\377\000I\000n\000t\000r\000o\000d\000u\000c\000t\000i\000o\000n\000\040\000t\000o\000\040\000t\000h\000e\000\040\000t\000e\000s\000t}{section.4.1}% 40
\BOOKMARK [2][-]{subsection.4.1.5}{\376\377\000T\000e\000s\000t\000\040\000p\000r\000o\000c\000e\000d\000u\000r\000e}{section.4.1}% 41
\BOOKMARK [2][-]{subsection.4.1.6}{\376\377\000F\000e\000e\000d\000b\000a\000c\000k}{section.4.1}% 42
\BOOKMARK [2][-]{subsection.4.1.7}{\376\377\000R\000e\000s\000u\000l\000t\000s}{section.4.1}% 43
\BOOKMARK [2][-]{subsection.4.1.8}{\376\377\000C\000o\000n\000c\000l\000u\000s\000i\000o\000n\000s}{section.4.1}% 44
\BOOKMARK [1][-]{section.4.2}{\376\377\000P\000a\000t\000i\000e\000n\000t\000s}{chapter.4}% 45
\BOOKMARK [2][-]{subsection.4.2.1}{\376\377\000O\000b\000j\000e\000c\000t\000i\000v\000e\000s}{section.4.2}% 46
\BOOKMARK [2][-]{subsection.4.2.2}{\376\377\000P\000a\000r\000t\000i\000c\000i\000p\000a\000n\000t\000s}{section.4.2}% 47
\BOOKMARK [2][-]{subsection.4.2.3}{\376\377\000T\000e\000s\000t\000\040\000s\000e\000t\000u\000p}{section.4.2}% 48
\BOOKMARK [2][-]{subsection.4.2.4}{\376\377\000I\000n\000t\000r\000o\000d\000u\000c\000t\000i\000o\000n\000\040\000t\000o\000\040\000t\000h\000e\000\040\000t\000e\000s\000t}{section.4.2}% 49
\BOOKMARK [2][-]{subsection.4.2.5}{\376\377\000T\000e\000s\000t\000\040\000p\000r\000o\000c\000e\000d\000u\000r\000e}{section.4.2}% 50
\BOOKMARK [2][-]{subsection.4.2.6}{\376\377\000F\000e\000e\000d\000b\000a\000c\000k}{section.4.2}% 51
\BOOKMARK [2][-]{subsection.4.2.7}{\376\377\000R\000e\000s\000u\000l\000t\000s}{section.4.2}% 52
\BOOKMARK [2][-]{subsection.4.2.8}{\376\377\000C\000o\000n\000c\000l\000u\000s\000i\000o\000n\000s}{section.4.2}% 53
\BOOKMARK [0][-]{chapter.5}{\376\377\000G\000E\000A\000:\000\040\000s\000e\000c\000o\000n\000d\000\040\000p\000r\000o\000t\000o\000t\000y\000p\000e}{}% 54
\BOOKMARK [1][-]{section.5.1}{\376\377\000T\000o\000u\000c\000h\000\040\000s\000c\000r\000e\000e\000n}{chapter.5}% 55
\BOOKMARK [1][-]{section.5.2}{\376\377\000A\000l\000l\000e\000r\000g\000y\000\040\000g\000a\000m\000e}{chapter.5}% 56
\BOOKMARK [1][-]{section.5.3}{\376\377\000O\000t\000h\000e\000r\000\040\000m\000o\000d\000i\000f\000i\000c\000a\000t\000i\000o\000n\000s}{chapter.5}% 57
\BOOKMARK [0][-]{chapter.6}{\376\377\000S\000e\000c\000o\000n\000d\000\040\000e\000v\000a\000l\000u\000a\000t\000i\000o\000n}{}% 58
\BOOKMARK [1][-]{section.6.1}{\376\377\000O\000b\000j\000e\000c\000t\000i\000v\000e\000s}{chapter.6}% 59
\BOOKMARK [1][-]{section.6.2}{\376\377\000P\000a\000r\000t\000i\000c\000i\000p\000a\000n\000t\000s}{chapter.6}% 60
\BOOKMARK [1][-]{section.6.3}{\376\377\000T\000e\000s\000t\000\040\000s\000e\000t\000u\000p}{chapter.6}% 61
\BOOKMARK [1][-]{section.6.4}{\376\377\000I\000n\000t\000r\000o\000d\000u\000c\000t\000i\000o\000n\000\040\000t\000o\000\040\000t\000h\000e\000\040\000t\000e\000s\000t}{chapter.6}% 62
\BOOKMARK [1][-]{section.6.5}{\376\377\000T\000e\000s\000t\000\040\000p\000r\000o\000c\000e\000d\000u\000r\000e}{chapter.6}% 63
\BOOKMARK [1][-]{section.6.6}{\376\377\000F\000e\000e\000d\000b\000a\000c\000k}{chapter.6}% 64
\BOOKMARK [1][-]{section.6.7}{\376\377\000R\000e\000s\000u\000l\000t\000s}{chapter.6}% 65
\BOOKMARK [1][-]{section.6.8}{\376\377\000C\000o\000n\000c\000l\000u\000s\000i\000o\000n\000s}{chapter.6}% 66
\BOOKMARK [0][-]{chapter.7}{\376\377\000V\000a\000l\000u\000e\000\040\000p\000r\000o\000p\000o\000s\000i\000t\000i\000o\000n}{}% 67
\BOOKMARK [1][-]{section.7.1}{\376\377\000E\000v\000a\000l\000u\000a\000t\000i\000o\000n\000\040\000m\000e\000t\000h\000o\000d}{chapter.7}% 68
\BOOKMARK [1][-]{section.7.2}{\376\377\000E\000v\000a\000l\000u\000a\000t\000i\000o\000n\000\040\000r\000e\000s\000u\000l\000t\000s}{chapter.7}% 69
\BOOKMARK [0][-]{chapter.8}{\376\377\000C\000h\000a\000l\000l\000e\000n\000g\000e\000s}{}% 70
\BOOKMARK [0][-]{chapter.9}{\376\377\000I\000m\000p\000l\000e\000m\000e\000n\000t\000a\000t\000i\000o\000n}{}% 71
\BOOKMARK [1][-]{section.9.1}{\376\377\000T\000o\000o\000l\000s}{chapter.9}% 72
\BOOKMARK [2][-]{subsection.9.1.1}{\376\377\000A\000-\000F\000r\000a\000m\000e}{section.9.1}% 73
\BOOKMARK [2][-]{subsection.9.1.2}{\376\377\000L\000a\000n\000g\000u\000a\000g\000e\000s}{section.9.1}% 74
\BOOKMARK [1][-]{section.9.2}{\376\377\000H\000a\000r\000d\000w\000a\000r\000e\000\040\000A\000r\000c\000h\000i\000t\000e\000c\000t\000u\000r\000e}{chapter.9}% 75
\BOOKMARK [1][-]{section.9.3}{\376\377\000S\000o\000f\000t\000w\000a\000r\000e\000\040\000A\000r\000c\000h\000i\000t\000e\000c\000t\000u\000r\000e}{chapter.9}% 76
\BOOKMARK [0][-]{chapter.10}{\376\377\000C\000o\000n\000c\000l\000u\000s\000i\000o\000n}{}% 77
\BOOKMARK [0][-]{chapter*.49}{\376\377\000B\000i\000b\000l\000i\000o\000g\000r\000a\000p\000h\000y}{}% 78
\BOOKMARK [0][-]{appendix.A}{\376\377\000F\000i\000r\000s\000t\000\040\000a\000p\000p\000e\000n\000d\000i\000x\000\040\000-\000\040\000U\000s\000e\000r\000\040\000m\000a\000n\000u\000a\000l}{}% 79
\BOOKMARK [0][-]{appendix.B}{\376\377\000S\000e\000c\000o\000n\000d\000\040\000a\000p\000p\000e\000n\000d\000i\000x\000\040\000-\000\040\000Q\000u\000e\000s\000t\000i\000o\000n\000n\000a\000i\000r\000e}{}% 80
