\BOOKMARK [0][-]{chapter*.9}{\376\377\000I\000n\000t\000r\000o\000d\000u\000c\000t\000i\000o\000n}{}% 1
\BOOKMARK [0][-]{chapter.1}{\376\377\000F\000i\000r\000s\000t\000\040\000c\000h\000a\000p\000t\000e\000r}{}% 2
\BOOKMARK [1][-]{section.1.1}{\376\377\000L\000o\000r\000e\000m\000\040\000i\000p\000s\000u\000m}{chapter.1}% 3
\BOOKMARK [0][-]{chapter.2}{\376\377\000S\000e\000c\000o\000n\000d\000\040\000c\000h\000a\000p\000t\000e\000r}{}% 4
\BOOKMARK [1][-]{section.2.1}{\376\377\000C\000o\000p\000y\000\040\000a\000n\000d\000\040\000p\000a\000s\000t\000e\000\040\000r\000a\000w\000\040\000L\000a\000T\000e\000X\000\040\000c\000o\000d\000e}{chapter.2}% 5
\BOOKMARK [1][-]{section.2.2}{\376\377\000L\000a\000b\000e\000l\000s\000\040\000a\000n\000d\000\040\000c\000r\000o\000s\000s\000-\000r\000e\000f\000e\000r\000e\000n\000c\000e\000s}{chapter.2}% 6
\BOOKMARK [1][-]{section.2.3}{\376\377\000F\000i\000g\000u\000r\000e\000s}{chapter.2}% 7
\BOOKMARK [2][-]{subsection.2.3.1}{\376\377\000S\000u\000b\000f\000i\000g\000u\000r\000e\000s}{section.2.3}% 8
\BOOKMARK [1][-]{section.2.4}{\376\377\000T\000a\000b\000l\000e\000s}{chapter.2}% 9
\BOOKMARK [2][-]{subsection.2.4.1}{\376\377\000W\000i\000d\000e\000\040\000t\000a\000b\000l\000e\000s}{section.2.4}% 10
\BOOKMARK [2][-]{subsection.2.4.2}{\376\377\000S\000p\000a\000c\000e\000\040\000b\000e\000t\000w\000e\000e\000n\000\040\000r\000o\000w\000s}{section.2.4}% 11
\BOOKMARK [1][-]{section.2.5}{\376\377\000A\000l\000g\000o\000r\000i\000t\000h\000m\000s}{chapter.2}% 12
\BOOKMARK [1][-]{section.2.6}{\376\377\000S\000o\000u\000r\000c\000e\000\040\000c\000o\000d\000e}{chapter.2}% 13
\BOOKMARK [1][-]{section.2.7}{\376\377\000U\000R\000L\000s}{chapter.2}% 14
\BOOKMARK [1][-]{section.2.8}{\376\377\000L\000y\000X\000'\000s\000\040\000g\000u\000i\000d\000e\000s}{chapter.2}% 15
\BOOKMARK [0][-]{chapter.3}{\376\377\000T\000h\000i\000r\000d\000\040\000c\000h\000a\000p\000t\000e\000r}{}% 16
\BOOKMARK [1][-]{section.3.1}{\376\377\000M\000a\000n\000a\000g\000e\000\040\000b\000i\000b\000l\000i\000o\000g\000r\000a\000p\000h\000y}{chapter.3}% 17
\BOOKMARK [1][-]{section.3.2}{\376\377\000R\000e\000v\000i\000e\000w\000s}{chapter.3}% 18
\BOOKMARK [1][-]{section.3.3}{\376\377\000F\000i\000n\000a\000l\000\040\000p\000r\000e\000s\000e\000n\000t\000a\000t\000i\000o\000n}{chapter.3}% 19
\BOOKMARK [0][-]{chapter.4}{\376\377\000F\000o\000u\000r\000t\000h\000\040\000c\000h\000a\000p\000t\000e\000r}{}% 20
\BOOKMARK [1][-]{section.4.1}{\376\377\000F\000o\000n\000t}{chapter.4}% 21
\BOOKMARK [1][-]{section.4.2}{\376\377\000F\000a\000n\000c\000y\000\040\000c\000h\000a\000p\000t\000e\000r\000\040\000h\000e\000a\000d\000e\000r}{chapter.4}% 22
\BOOKMARK [1][-]{section.4.3}{\376\377\000F\000a\000n\000c\000y\000\040\000i\000n\000i\000t\000i\000a\000l\000\040\000l\000e\000t\000t\000e\000r\000s}{chapter.4}% 23
\BOOKMARK [1][-]{section.4.4}{\376\377\000F\000a\000n\000c\000y\000\040\000h\000e\000a\000d\000e\000r\000s}{chapter.4}% 24
\BOOKMARK [1][-]{section.4.5}{\376\377\000O\000t\000h\000e\000r\000\040\000d\000o\000c\000u\000m\000e\000n\000t\000\040\000c\000l\000a\000s\000s\000e\000s}{chapter.4}% 25
\BOOKMARK [0][-]{chapter.5}{\376\377\000F\000i\000f\000t\000h\000\040\000c\000h\000a\000p\000t\000e\000r}{}% 26
\BOOKMARK [0][-]{chapter.6}{\376\377\000S\000i\000x\000t\000h\000\040\000c\000h\000a\000p\000t\000e\000r}{}% 27
\BOOKMARK [0][-]{chapter.7}{\376\377\000S\000e\000v\000e\000n\000t\000h\000\040\000c\000h\000a\000p\000t\000e\000r}{}% 28
\BOOKMARK [0][-]{chapter.8}{\376\377\000E\000i\000g\000h\000t\000h\000\040\000c\000h\000a\000p\000t\000e\000r}{}% 29
\BOOKMARK [0][-]{chapter.9}{\376\377\000N\000i\000n\000t\000h\000\040\000c\000h\000a\000p\000t\000e\000r}{}% 30
\BOOKMARK [0][-]{chapter*.21}{\376\377\000C\000o\000n\000c\000l\000u\000s\000i\000o\000n\000s}{}% 31
\BOOKMARK [0][-]{chapter*.22}{\376\377\000B\000i\000b\000l\000i\000o\000g\000r\000a\000p\000h\000y}{}% 32
\BOOKMARK [0][-]{appendix.A}{\376\377\000F\000i\000r\000s\000t\000\040\000a\000p\000p\000e\000n\000d\000i\000x}{}% 33
\BOOKMARK [0][-]{appendix.B}{\376\377\000S\000e\000c\000o\000n\000d\000\040\000a\000p\000p\000e\000n\000d\000i\000x}{}% 34
\BOOKMARK [0][-]{appendix.C}{\376\377\000T\000h\000i\000r\000d\000\040\000a\000p\000p\000e\000n\000d\000i\000x}{}% 35
